<?xml version="1.0" encoding="UTF-8"?>
<testng-results total="1" passed="1" failed="0" skipped="0">
  <reporter-output>
  </reporter-output>
  <suite started-at="2023-01-29T11:31:52Z" name="Default suite" finished-at="2023-01-29T11:31:55Z" duration-ms="2658">
    <groups>
    </groups>
    <test started-at="2023-01-29T11:31:52Z" name="Default test" finished-at="2023-01-29T11:31:55Z" duration-ms="2658">
      <class name="data.datavalidation.ValidateResponseData">
        <test-method signature="validateStoreApi()[pri:1, instance:data.datavalidation.ValidateResponseData@57ad2aa7]" started-at="2023-01-29T17:01:52Z" name="validateStoreApi" finished-at="2023-01-29T17:01:55Z" duration-ms="2647" status="PASS">
          <reporter-output>
          </reporter-output>
        </test-method> <!-- validateStoreApi -->
      </class> <!-- data.datavalidation.ValidateResponseData -->
    </test> <!-- Default test -->
  </suite> <!-- Default suite -->
</testng-results>
